INFO:  latexindent.pl version 3.24.5, 2025-03-13, a script to indent .tex files
       latexindent.pl lives here: C:/Program Files/MiKTeX/scripts/latexindent/
       Fri May  9 11:54:21 2025
       Reading input from STDIN
INFO:  Processing switches:
       -w|--overwrite: Overwrite mode active, will make a back up before overwriting
       -m|--modifylinebreaks: modify line breaks
INFO:  Directory for backup files and log file indent.log:
       .
INFO:  Perl modules are being loaded from the following directories:
       C:/Strawberry/perl/lib/FindBin.pm
       C:/Strawberry/perl/vendor/lib/YAML/Tiny.pm
       C:/Strawberry/perl/lib/File/Copy.pm
       C:/Strawberry/perl/lib/File/Basename.pm
       C:/Strawberry/perl/lib/Getopt/Long.pm
       C:/Strawberry/perl/vendor/lib/File/HomeDir.pm
INFO:  LatexIndent perl modules are being loaded from, for example:
       C:/Program Files/MiKTeX/scripts/latexindent/LatexIndent/Document.pm
INFO:  YAML settings read: defaultSettings.yaml
       Reading defaultSettings.yaml from C:/Program Files/MiKTeX/scripts/latexindent/defaultSettings.yaml
INFO:  YAML reading settings
       Home directory is C:\Users\oiuhukt-acer
       latexindent.pl didn't find indentconfig.yaml or .indentconfig.yaml
       see all possible locations: https://latexindentpl.readthedocs.io/en/latest/sec-appendices.html#indentconfig-options)
INFO:  -l switch used without filename, will search for the following files in turn:
       localSettings.yaml,latexindent.yaml,.localSettings.yaml,.latexindent.yaml
INFO:  YAML settings read: -l switch
       Multiple localSettings found, separated by commas:
       localSettings.yaml, latexindent.yaml, .localSettings.yaml, .latexindent.yaml
       Adding ./latexindent.yaml to YAML read paths
INFO:  YAML settings, reading from the following files:
       Reading USER settings from ./latexindent.yaml
       ---
       commands:
         footnote:
           arguments:
             '1':
               indentation: '2'
               leadingLineBreaks: '1'
               trailingLineBreaks: '0'
               wrap: '1'
       defaultIndent: ' '
       environments:
         quote:
           begin: \\begin\{quote\}
           body: '2'
           end: \\end\{quote\}
           indent: '1'
       indentRules:
         chapter: '1'
         section: '1'
         subsection: '1'
         subsubsection: '1'
       modifyLineBreaks:
         preserveBlankLines: '1'
         textWrapOptions:
           columns: '70'
       removeTrailingWhitespace: '1'
       verbatimEnvironments:
         lstlisting: '1'
         minted: '1'
         verbatim: '1'

INFO:  Backup procedure (-w flag active):
       Backing up - to .\-.bak0...
       - will be overwritten after indentation
FATAL Could not write to backup file .\-.bak0. Please check permissions.
      Exiting, no indentation done.
       --------------
INFO:  Please direct all communication/issues to:
        https://github.com/cmhughes/latexindent.pl
