\BOOKMARK [0][-]{section*.1}{\376\377\000\315\000n\000d\000i\000c\000e\000\040\000g\000e\000n\000e\000r\000a\000l}{}% 1
\BOOKMARK [0][-]{chapter.1}{\376\377\000U\000n\000a\000\040\000b\000r\000e\000v\000e\000\040\000a\000n\000\351\000c\000d\000o\000t\000a}{}% 2
\BOOKMARK [1][-]{section.1.1}{\376\377\000P\000a\000r\000t\000e\000\040\000I}{chapter.1}% 3
\BOOKMARK [1][-]{section.1.2}{\376\377\000P\000a\000r\000t\000e\000\040\000I\000I}{chapter.1}% 4
\BOOKMARK [1][-]{section.1.3}{\376\377\000P\000a\000r\000t\000e\000\040\000I\000I\000I}{chapter.1}% 5
\BOOKMARK [0][-]{chapter.2}{\376\377\000U\000n\000\040\000r\000\341\000p\000i\000d\000o\000\040\000d\000i\000a\000g\000n\000\363\000s\000t\000i\000c\000o}{}% 6
\BOOKMARK [1][-]{section.2.1}{\376\377\000U\000n\000\040\000b\000r\000e\000v\000e\000\040\000r\000e\000p\000a\000s\000o\000\040\000d\000e\000\040\000d\000o\000s\000\040\000p\000o\000s\000t\000u\000r\000a\000s}{chapter.2}% 7
\BOOKMARK [1][-]{section.2.2}{\376\377\000\277\000Q\000u\000\351\000\040\000p\000o\000d\000e\000m\000o\000s\000\040\000a\000p\000r\000e\000n\000d\000e\000r\000\040\000d\000e\000\040\000l\000a\000\040\000h\000i\000s\000t\000o\000r\000i\000a\000\040\000d\000e\000\040\000l\000a\000\040\000c\000i\000e\000n\000c\000i\000a\000?}{chapter.2}% 8
\BOOKMARK [0][-]{chapter.3}{\376\377\000L\000a\000\040\000n\000a\000t\000u\000r\000a\000l\000e\000z\000a\000\040\000d\000e\000\040\000l\000a\000\040\000v\000e\000r\000d\000a\000d}{}% 9
\BOOKMARK [1][-]{section.3.1}{\376\377\000N\000a\000t\000u\000r\000a\000l\000e\000z\000a}{chapter.3}% 10
\BOOKMARK [1][-]{section.3.2}{\376\377\000V\000e\000r\000i\000t\000i\000s\000m\000o\000:\000\040\000l\000i\000m\000i\000t\000a\000c\000i\000o\000n\000e\000s\000\040\000y\000\040\000a\000l\000c\000a\000n\000c\000e\000s}{chapter.3}% 11
\BOOKMARK [1][-]{section.3.3}{\376\377\000M\000o\000d\000e\000l\000o\000s}{chapter.3}% 12
\BOOKMARK [1][-]{section.3.4}{\376\377\000C\000i\000t\000a\000s}{chapter.3}% 13
\BOOKMARK [0][-]{chapter.4}{\376\377\000T\000e\000o\000r\000\355\000a\000s\000\040\000d\000e\000\040\000l\000a\000\040\000v\000e\000r\000d\000a\000d}{}% 14
\BOOKMARK [1][-]{section.4.1}{\376\377\000B\000l\000a\000h}{chapter.4}% 15
\BOOKMARK [1][-]{section.4.2}{\376\377\000M\000o\000d\000e\000l\000o\000s}{chapter.4}% 16
\BOOKMARK [1][-]{section.4.3}{\376\377\000C\000i\000t\000a\000s}{chapter.4}% 17
\BOOKMARK [0][-]{chapter.5}{\376\377\000L\000a\000\040\000v\000e\000r\000d\000a\000d\000\040\000i\000m\000p\000o\000r\000t\000a}{}% 18
\BOOKMARK [1][-]{section.5.1}{\376\377\000I\000n\000t\000r\000o\000d\000u\000c\000c\000i\000\363\000n}{chapter.5}% 19
\BOOKMARK [0][-]{section*.41}{\376\377\000B\000i\000b\000l\000i\000o\000g\000r\000a\000f\000\355\000a}{}% 20
